<?xml version="1.0" encoding="UTF-8"?>
<!-- Generated by org.testng.reporters.JUnitReportReporter -->
<testsuite hostname="DESKTOP-U6CHUTS" failures="0" tests="1" name="com.yourstore.qa.testcases.RegisterPage" time="9.193" errors="0" timestamp="2024-01-19T17:08:13 IST" skipped="0">
  <testcase classname="com.yourstore.qa.testcases.RegisterPage" name="verifyRegisteringAnAccountWithMandatoryFields" time="9.193"/>
</testsuite> <!-- com.yourstore.qa.testcases.RegisterPage -->
